android/app/build/intermediates/manifest_merge_blame_file/release/manifest-merger-blame-release-report.txt
1<?xml version="1.0" encoding="utf-8"?>
2<manifest xmlns:android="http://schemas.android.com/apk/res/android"
3    package="app.boost8ef11.twa"
4    android:versionCode="8"
5    android:versionName="1.1" >
6
7    <uses-sdk
8        android:minSdkVersion="24"
9        android:targetSdkVersion="35" />
10
11    <queries>
11-->[com.google.androidbrowserhelper:androidbrowserhelper:2.5.0] AndroidManifest.xml:26:5-34:15
12        <intent>
12-->[com.google.androidbrowserhelper:androidbrowserhelper:2.5.0] AndroidManifest.xml:27:9-33:18
13            <action android:name="android.intent.action.VIEW" />
13-->src\main\AndroidManifest.xml:49:17-69
13-->src\main\AndroidManifest.xml:49:25-66
14
15            <category android:name="android.intent.category.BROWSABLE" />
15-->src\main\AndroidManifest.xml:51:17-78
15-->src\main\AndroidManifest.xml:51:27-75
16
17            <data android:scheme="https" />
17-->src\main\AndroidManifest.xml:52:17-54:58
17-->src\main\AndroidManifest.xml:53:21-43
18        </intent>
19    </queries>
20
21    <application
21-->src\main\AndroidManifest.xml:4:5-69:19
22        android:allowBackup="true"
22-->src\main\AndroidManifest.xml:5:9-35
23        android:appComponentFactory="androidx.core.app.CoreComponentFactory"
23-->[androidx.core:core:1.1.0] AndroidManifest.xml:24:18-86
24        android:extractNativeLibs="false"
25        android:icon="@mipmap/ic_launcher"
25-->src\main\AndroidManifest.xml:6:9-43
26        android:label="@string/appName"
26-->src\main\AndroidManifest.xml:7:9-40
27        android:supportsRtl="true"
27-->src\main\AndroidManifest.xml:8:9-35
28        android:theme="@android:style/Theme.Translucent.NoTitleBar"
28-->src\main\AndroidManifest.xml:9:9-68
29        android:windowOptOutEdgeToEdgeEnforcement="true" >
29-->src\main\AndroidManifest.xml:10:9-57
30        <meta-data
30-->src\main\AndroidManifest.xml:12:9-14:58
31            android:name="asset_statements"
31-->src\main\AndroidManifest.xml:13:13-44
32            android:resource="@string/assetStatements" />
32-->src\main\AndroidManifest.xml:14:13-55
33
34        <!-- TWA Activity -->
35        <activity
35-->src\main\AndroidManifest.xml:17:9-56:20
36            android:name="com.google.androidbrowserhelper.trusted.LauncherActivity"
36-->src\main\AndroidManifest.xml:18:13-84
37            android:exported="true"
37-->src\main\AndroidManifest.xml:19:13-36
38            android:label="@string/launcherName" >
38-->src\main\AndroidManifest.xml:20:13-49
39
40            <!-- The URL to launch -->
41            <meta-data
41-->src\main\AndroidManifest.xml:23:13-25:53
42                android:name="android.support.customtabs.trusted.DEFAULT_URL"
42-->src\main\AndroidManifest.xml:24:17-78
43                android:value="@string/launchUrl" />
43-->src\main\AndroidManifest.xml:25:17-50
44
45            <!-- Status bar color -->
46            <meta-data
46-->src\main\AndroidManifest.xml:28:13-30:58
47                android:name="android.support.customtabs.trusted.STATUS_BAR_COLOR"
47-->src\main\AndroidManifest.xml:29:17-83
48                android:resource="@color/colorPrimary" />
48-->src\main\AndroidManifest.xml:30:17-55
49            <meta-data
49-->src\main\AndroidManifest.xml:31:13-33:58
50                android:name="android.support.customtabs.trusted.STATUS_BAR_COLOR_DARK"
50-->src\main\AndroidManifest.xml:32:17-88
51                android:resource="@color/colorPrimary" />
51-->src\main\AndroidManifest.xml:33:17-55
52            <meta-data
52-->src\main\AndroidManifest.xml:34:13-36:58
53                android:name="android.support.customtabs.trusted.NAVIGATION_BAR_COLOR"
53-->src\main\AndroidManifest.xml:35:17-87
54                android:resource="@color/colorPrimary" />
54-->src\main\AndroidManifest.xml:36:17-55
55
56            <!-- Orientation -->
57            <meta-data
57-->src\main\AndroidManifest.xml:39:13-41:44
58                android:name="android.support.customtabs.trusted.SCREEN_ORIENTATION"
58-->src\main\AndroidManifest.xml:40:17-85
59                android:value="portrait" />
59-->src\main\AndroidManifest.xml:41:17-41
60
61            <intent-filter>
61-->src\main\AndroidManifest.xml:43:13-46:29
62                <action android:name="android.intent.action.MAIN" />
62-->src\main\AndroidManifest.xml:44:17-69
62-->src\main\AndroidManifest.xml:44:25-66
63
64                <category android:name="android.intent.category.LAUNCHER" />
64-->src\main\AndroidManifest.xml:45:17-77
64-->src\main\AndroidManifest.xml:45:27-74
65            </intent-filter>
66            <intent-filter android:autoVerify="true" >
66-->src\main\AndroidManifest.xml:48:13-55:29
66-->src\main\AndroidManifest.xml:48:28-53
67                <action android:name="android.intent.action.VIEW" />
67-->src\main\AndroidManifest.xml:49:17-69
67-->src\main\AndroidManifest.xml:49:25-66
68
69                <category android:name="android.intent.category.DEFAULT" />
69-->src\main\AndroidManifest.xml:50:17-76
69-->src\main\AndroidManifest.xml:50:27-73
70                <category android:name="android.intent.category.BROWSABLE" />
70-->src\main\AndroidManifest.xml:51:17-78
70-->src\main\AndroidManifest.xml:51:27-75
71
72                <data
72-->src\main\AndroidManifest.xml:52:17-54:58
73                    android:host="boost-8ef11.web.app"
73-->src\main\AndroidManifest.xml:54:21-55
74                    android:scheme="https" />
74-->src\main\AndroidManifest.xml:53:21-43
75            </intent-filter>
76        </activity>
77
78        <!-- TWA Service for Digital Asset Links verification -->
79        <service
79-->src\main\AndroidManifest.xml:59:9-67:19
80            android:name="com.google.androidbrowserhelper.trusted.DelegationService"
80-->src\main\AndroidManifest.xml:60:13-85
81            android:enabled="@bool/enableNotification"
81-->src\main\AndroidManifest.xml:61:13-55
82            android:exported="true" >
82-->src\main\AndroidManifest.xml:62:13-36
83            <intent-filter>
83-->src\main\AndroidManifest.xml:63:13-66:29
84                <action android:name="android.support.customtabs.trusted.TRUSTED_WEB_ACTIVITY_SERVICE" />
84-->src\main\AndroidManifest.xml:64:17-106
84-->src\main\AndroidManifest.xml:64:25-103
85
86                <category android:name="android.intent.category.DEFAULT" />
86-->src\main\AndroidManifest.xml:50:17-76
86-->src\main\AndroidManifest.xml:50:27-73
87            </intent-filter>
88        </service>
89    </application>
90
91</manifest>